<?xml version="1.0" encoding="UTF-8"?>
<!-- Generated by org.testng.reporters.JUnitReportReporter -->
<testsuite name="Test.Demo" tests="1" time="17.109" ignored="0" failures="0" timestamp="18 Nov 2017 08:18:02 GMT" skipped="0" hostname="fc2-PC" errors="0">
  <testcase name="perform" time="17.109" classname="Test.Demo"/>
</testsuite> <!-- Test.Demo -->
